<?xml version="1.0" encoding="UTF-8"?>
<!-- Generated by org.testng.reporters.JUnitReportReporter -->
<testsuite hostname="IMCHDT024" name="Tests.NewTest" tests="4" failures="0" timestamp="26 Aug 2014 04:26:43 GMT" time="10.441" errors="0">
  <testcase name="username_verification_empty" time="2.596" classname="Tests.NewTest"/>
  <testcase name="username_verification_exist" time="2.899" classname="Tests.NewTest"/>
  <testcase name="username_verification_max" time="2.503" classname="Tests.NewTest"/>
  <testcase name="username_verification_min" time="2.443" classname="Tests.NewTest"/>
</testsuite> <!-- Tests.NewTest -->
